<?xml version="1.0" encoding="UTF-8"?>
<!-- Generated by org.testng.reporters.JUnitReportReporter -->
<testsuite hostname="ACSWDF004563" failures="0" tests="7" name="org.project.Test_Cases" time="140.582" errors="0" timestamp="2023-02-02T15:54:23 CET" skipped="0">
  <testcase classname="org.project.Test_Cases" name="openDataCollationPage_Testing" time="48.784"/>
  <testcase classname="org.project.Test_Cases" name="finalize_ProcessingOfSalesOrder_Testing" time="14.406"/>
  <testcase classname="org.project.Test_Cases" name="fill_in_ItemCategory_Testing" time="13.629"/>
  <testcase classname="org.project.Test_Cases" name="fill_in_RightPartOfTable_Testing" time="27.572"/>
  <testcase classname="org.project.Test_Cases" name="add_NewItemRow_Testing" time="1.357"/>
  <testcase classname="org.project.Test_Cases" name="postprocessing_ComparePostedAndCancelledSalesOrder_Testing" time="34.773"/>
  <testcase classname="org.project.Test_Cases" name="fill_in_NewItemFields_Testing" time="0.061"/>
</testsuite> <!-- org.project.Test_Cases -->
